"GET /api/notifications HTTP/1.1" 200 2
"GET /api/messages HTTP/1.1" 200 2
"GET /api/users/profile-data HTTP/1.1" 200 1395
"GET /api/users/profile-data HTTP/1.1" 200 1395
"GET /api/users/applications HTTP/1.1" 200 52
"GET /api/notifications HTTP/1.1" 200 2
"GET /api/users/applications HTTP/1.1" 200 52
"GET /api/messages HTTP/1.1" 200 2
"GET /api/notifications HTTP/1.1" 200 2
"GET /api/notifications HTTP/1.1" 200 2
"GET /api/messages HTTP/1.1" 200 2
"GET /api/notifications HTTP/1.1" 200 2
"GET /api/notifications HTTP/1.1" 200 2
"GET /api/messages HTTP/1.1" 200 2
"GET /api/notifications HTTP/1.1" 200 2
"GET /api/messages HTTP/1.1" 200 2
"GET /api/messages HTTP/1.1" 200 2
"GET /api/messages HTTP/1.1" 200 2
"GET /api/recommendations/personalized/startups?limit=20&offset=0&require_open_positions=true&type=collaboration HTTP/1.1" 200 960
"GET /api/recommendations/personalized/startups?limit=20&offset=0&require_open_positions=true&type=collaboration HTTP/1.1" 200 960
"GET /api/notifications HTTP/1.1" 200 2
"GET /api/messages HTTP/1.1" 200 2
"GET /api/notifications HTTP/1.1" 200 2
"GET /api/messages HTTP/1.1" 200 2
"GET /api/notifications HTTP/1.1" 200 2
"GET /api/messages HTTP/1.1" 200 2
"GET /api/notifications HTTP/1.1" 200 2
"GET /api/messages HTTP/1.1" 200 2
"GET /api/notifications HTTP/1.1" 200 2
"GET /api/messages HTTP/1.1" 200 2
"GET /api/notifications HTTP/1.1" 200 2
"GET /api/messages HTTP/1.1" 200 2
"GET /api/notifications HTTP/1.1" 200 2
"GET /api/messages HTTP/1.1" 200 2
"GET /api/notifications HTTP/1.1" 200 2
"GET /api/messages HTTP/1.1" 200 2
"GET /api/notifications HTTP/1.1" 200 2
"GET /api/messages HTTP/1.1" 200 2
"GET /api/notifications HTTP/1.1" 200 2
"GET /api/messages HTTP/1.1" 200 2
"GET /api/notifications HTTP/1.1" 200 2
"GET /api/messages HTTP/1.1" 200 2
C:\Users\serma\Downloads\FYP-Development\backend\api\views.py changed, reloading.
Starting APScheduler...
APScheduler started successfully
Watching for file changes with StatReloader
"GET /api/notifications HTTP/1.1" 200 2
"GET /api/messages HTTP/1.1" 200 2
"GET /api/notifications HTTP/1.1" 200 2
"GET /api/messages HTTP/1.1" 200 2
C:\Users\serma\Downloads\FYP-Development\backend\api\views.py changed, reloading.
Starting APScheduler...
APScheduler started successfully
Watching for file changes with StatReloader
C:\Users\serma\Downloads\FYP-Development\backend\api\views.py changed, reloading.
Starting APScheduler...
APScheduler started successfully
Watching for file changes with StatReloader
C:\Users\serma\Downloads\FYP-Development\backend\api\views.py changed, reloading.
Starting APScheduler...
APScheduler started successfully
Watching for file changes with StatReloader
C:\Users\serma\Downloads\FYP-Development\backend\api\views.py changed, reloading.
Starting APScheduler...
APScheduler started successfully
Watching for file changes with StatReloader
"GET /api/notifications HTTP/1.1" 200 2
"GET /api/messages HTTP/1.1" 200 2
C:\Users\serma\Downloads\FYP-Development\backend\api\views.py changed, reloading.
Starting APScheduler...
APScheduler started successfully
Watching for file changes with StatReloader
C:\Users\serma\Downloads\FYP-Development\backend\api\views.py changed, reloading.
Starting APScheduler...
APScheduler started successfully
Watching for file changes with StatReloader
"GET /api/notifications HTTP/1.1" 200 2
"GET /api/messages HTTP/1.1" 200 2
"GET /api/users/profile-data HTTP/1.1" 200 1395
"GET /api/users/profile-data HTTP/1.1" 200 1395
"GET /api/notifications HTTP/1.1" 200 2
"GET /api/users/applications HTTP/1.1" 200 52
"GET /api/notifications HTTP/1.1" 200 2
"GET /api/messages HTTP/1.1" 200 2
"GET /api/users/applications HTTP/1.1" 200 52
"GET /api/notifications HTTP/1.1" 200 2
"GET /api/notifications HTTP/1.1" 200 2
"GET /api/messages HTTP/1.1" 200 2
"GET /api/notifications HTTP/1.1" 200 2
"GET /api/notifications HTTP/1.1" 200 2
"GET /api/messages HTTP/1.1" 200 2
"GET /api/messages HTTP/1.1" 200 2
"GET /api/messages HTTP/1.1" 200 2
"GET /api/messages HTTP/1.1" 200 2
"GET /api/recommendations/personalized/startups?limit=20&offset=0&require_open_positions=true&type=collaboration HTTP/1.1" 200 960
"GET /api/recommendations/personalized/startups?limit=20&offset=0&require_open_positions=true&type=collaboration HTTP/1.1" 200 960
"GET /api/notifications HTTP/1.1" 200 2
"GET /api/messages HTTP/1.1" 200 2
"GET /api/notifications HTTP/1.1" 200 2
"GET /api/messages HTTP/1.1" 200 2
"GET /api/notifications HTTP/1.1" 200 2
"GET /api/messages HTTP/1.1" 200 2
"GET /api/notifications HTTP/1.1" 200 2
"GET /api/messages HTTP/1.1" 200 2
"GET /api/users/profile-data HTTP/1.1" 200 1395
"GET /api/users/profile-data HTTP/1.1" 200 1395
"GET /api/users/applications HTTP/1.1" 200 52
"GET /api/notifications HTTP/1.1" 200 2
"GET /api/users/applications HTTP/1.1" 200 52
"GET /api/notifications HTTP/1.1" 200 2
"GET /api/messages HTTP/1.1" 200 2
"GET /api/notifications HTTP/1.1" 200 2
"GET /api/notifications HTTP/1.1" 200 2
"GET /api/messages HTTP/1.1" 200 2
"GET /api/notifications HTTP/1.1" 200 2
"GET /api/notifications HTTP/1.1" 200 2
"GET /api/messages HTTP/1.1" 200 2
"GET /api/messages HTTP/1.1" 200 2
"GET /api/messages HTTP/1.1" 200 2
"GET /api/messages HTTP/1.1" 200 2
"GET /api/recommendations/personalized/startups?limit=20&offset=0&require_open_positions=true&type=collaboration HTTP/1.1" 200 960
"GET /api/notifications HTTP/1.1" 200 2
"GET /api/messages HTTP/1.1" 200 2
"GET /api/recommendations/personalized/startups?limit=20&offset=0&require_open_positions=true&type=collaboration HTTP/1.1" 200 960
"GET /api/notifications HTTP/1.1" 200 2
"GET /api/messages HTTP/1.1" 200 2
"GET /api/notifications HTTP/1.1" 200 2
"GET /api/messages HTTP/1.1" 200 2
"GET /api/notifications HTTP/1.1" 200 2
"GET /api/messages HTTP/1.1" 200 2
"GET /api/notifications HTTP/1.1" 200 2
"GET /api/messages HTTP/1.1" 200 2
"GET /api/notifications HTTP/1.1" 200 2
"GET /api/messages HTTP/1.1" 200 2
"GET /api/notifications HTTP/1.1" 200 2
"GET /api/messages HTTP/1.1" 200 2
"GET /api/notifications HTTP/1.1" 200 2
"GET /api/messages HTTP/1.1" 200 2
"GET /api/notifications HTTP/1.1" 200 2
"GET /api/messages HTTP/1.1" 200 2
"GET /api/notifications HTTP/1.1" 200 2
"GET /api/messages HTTP/1.1" 200 2
"GET /api/notifications HTTP/1.1" 200 2
"GET /api/messages HTTP/1.1" 200 2
"GET /api/notifications HTTP/1.1" 200 2
"GET /api/messages HTTP/1.1" 200 2
"GET /api/notifications HTTP/1.1" 200 2
"GET /api/messages HTTP/1.1" 200 2
"GET /api/notifications HTTP/1.1" 200 2
"GET /api/messages HTTP/1.1" 200 2
"GET /api/notifications HTTP/1.1" 200 2
"GET /api/messages HTTP/1.1" 200 2
"GET /api/notifications HTTP/1.1" 200 2
"GET /api/messages HTTP/1.1" 200 2
"GET /api/users/profile-data HTTP/1.1" 200 1395
"GET /api/users/profile-data HTTP/1.1" 200 1395
"GET /api/notifications HTTP/1.1" 200 2
"GET /api/users/applications HTTP/1.1" 200 52
"GET /api/notifications HTTP/1.1" 200 2
"GET /api/messages HTTP/1.1" 200 2
"GET /api/users/applications HTTP/1.1" 200 52
"GET /api/notifications HTTP/1.1" 200 2
"GET /api/notifications HTTP/1.1" 200 2
"GET /api/messages HTTP/1.1" 200 2
"GET /api/notifications HTTP/1.1" 200 2
"GET /api/notifications HTTP/1.1" 200 2
"GET /api/messages HTTP/1.1" 200 2
"GET /api/messages HTTP/1.1" 200 2
"GET /api/messages HTTP/1.1" 200 2
"GET /api/messages HTTP/1.1" 200 2
"GET /api/recommendations/personalized/startups?limit=20&offset=0&require_open_positions=true&type=collaboration HTTP/1.1" 200 28437
"GET /api/notifications HTTP/1.1" 200 2
"GET /api/messages HTTP/1.1" 200 2
"GET /api/recommendations/personalized/startups?limit=20&offset=0&require_open_positions=true&type=collaboration HTTP/1.1" 200 28437
"GET /api/notifications HTTP/1.1" 200 2
"GET /api/messages HTTP/1.1" 200 2
"GET /api/notifications HTTP/1.1" 200 2
"GET /api/messages HTTP/1.1" 200 2
"GET /api/notifications HTTP/1.1" 200 2
"GET /api/messages HTTP/1.1" 200 2
"GET /api/notifications HTTP/1.1" 200 2
"GET /api/messages HTTP/1.1" 200 2
"GET /api/notifications HTTP/1.1" 200 2
"GET /api/messages HTTP/1.1" 200 2
"GET /api/notifications HTTP/1.1" 200 2
"GET /api/messages HTTP/1.1" 200 2
"GET /api/notifications HTTP/1.1" 200 2
"GET /api/messages HTTP/1.1" 200 2
"GET /api/notifications HTTP/1.1" 200 2
"GET /api/messages HTTP/1.1" 200 2
"GET /api/notifications HTTP/1.1" 200 2
"GET /api/messages HTTP/1.1" 200 2
"GET /api/notifications HTTP/1.1" 200 2
"GET /api/messages HTTP/1.1" 200 2
"GET /api/notifications HTTP/1.1" 200 2
"GET /api/messages HTTP/1.1" 200 2
"POST /auth/logout HTTP/1.1" 200 37
"OPTIONS /signup HTTP/1.1" 200 0
Loading embedding model: all-MiniLM-L6-v2
Successfully generated embedding for user e07d09a4-fa58-4e74-80ef-0e8587b00d55 (dimension: 384)
Successfully generated embedding for new user e07d09a4-fa58-4e74-80ef-0e8587b00d55
- Broken pipe from ('127.0.0.1', 16471)
Bad Request: /signup
"POST /signup HTTP/1.1" 400 58
Loading embedding model: all-MiniLM-L6-v2
Successfully generated embedding for user 45beae59-85f3-4635-9247-64889c8e1384 (dimension: 384)
Successfully generated embedding for new user 45beae59-85f3-4635-9247-64889c8e1384
"POST /signup HTTP/1.1" 201 234
"GET /api/notifications HTTP/1.1" 200 2
"GET /api/notifications HTTP/1.1" 200 2
"GET /api/messages HTTP/1.1" 200 2
"GET /api/messages HTTP/1.1" 200 2
"OPTIONS /api/onboarding/preferences HTTP/1.1" 200 0
"OPTIONS /api/onboarding/preferences HTTP/1.1" 200 0
"GET /api/notifications HTTP/1.1" 200 2
"GET /api/onboarding/preferences HTTP/1.1" 200 331
"GET /api/notifications HTTP/1.1" 200 2
"GET /api/messages HTTP/1.1" 200 2
"GET /api/onboarding/preferences HTTP/1.1" 200 331
"GET /api/notifications HTTP/1.1" 200 2
"GET /api/notifications HTTP/1.1" 200 2
"GET /api/messages HTTP/1.1" 200 2
"GET /api/messages HTTP/1.1" 200 2
"GET /api/messages HTTP/1.1" 200 2
"GET /api/notifications HTTP/1.1" 200 2
"GET /api/messages HTTP/1.1" 200 2
"GET /api/notifications HTTP/1.1" 200 2
"GET /api/messages HTTP/1.1" 200 2
"GET /api/notifications HTTP/1.1" 200 2
"GET /api/messages HTTP/1.1" 200 2
"GET /api/notifications HTTP/1.1" 200 2
"GET /api/messages HTTP/1.1" 200 2
"GET /api/notifications HTTP/1.1" 200 2
"GET /api/messages HTTP/1.1" 200 2
"GET /api/notifications HTTP/1.1" 200 2
"GET /api/messages HTTP/1.1" 200 2
"GET /admin/api/user/ HTTP/1.1" 200 90736
"GET /admin/jsi18n/ HTTP/1.1" 200 3342
"GET /api/notifications HTTP/1.1" 200 2
"GET /api/messages HTTP/1.1" 200 2
"GET /api/notifications HTTP/1.1" 200 2
"GET /api/messages HTTP/1.1" 200 2
"POST /admin/api/user/ HTTP/1.1" 200 9740
"GET /api/notifications HTTP/1.1" 200 2
"GET /api/messages HTTP/1.1" 200 2
"POST /admin/api/user/ HTTP/1.1" 302 0
"GET /admin/api/user/ HTTP/1.1" 302 0
"GET /admin/login/?next=/admin/api/user/ HTTP/1.1" 200 4308
"GET /api/notifications HTTP/1.1" 200 2
"GET /api/messages HTTP/1.1" 200 2
"GET /api/notifications HTTP/1.1" 200 2
"GET /api/messages HTTP/1.1" 200 2
"GET /api/notifications HTTP/1.1" 200 2
"GET /api/messages HTTP/1.1" 200 2
"GET /api/notifications HTTP/1.1" 200 2
"GET /api/messages HTTP/1.1" 200 2
"POST /api/onboarding/preferences HTTP/1.1" 200 384
"GET /api/users/profile-data HTTP/1.1" 200 687
"GET /api/notifications HTTP/1.1" 200 2
"GET /api/users/profile-data HTTP/1.1" 200 687
"GET /api/notifications HTTP/1.1" 200 2
"GET /api/notifications HTTP/1.1" 200 2
"GET /api/messages HTTP/1.1" 200 2
"GET /api/notifications HTTP/1.1" 200 2
"GET /api/messages HTTP/1.1" 200 2
"GET /api/messages HTTP/1.1" 200 2
"GET /api/messages HTTP/1.1" 200 2
"GET /api/notifications HTTP/1.1" 200 2
"GET /api/messages HTTP/1.1" 200 2
"GET /api/notifications HTTP/1.1" 200 2
"GET /api/notifications HTTP/1.1" 200 2
"GET /api/messages HTTP/1.1" 200 2
"GET /api/notifications HTTP/1.1" 200 2
"GET /api/messages HTTP/1.1" 200 2
"GET /api/messages HTTP/1.1" 200 2
"GET /api/recommendations/trending/startups?limit=10&sort_by=trending_score HTTP/1.1" 200 6483
"OPTIONS /api/messages/users/online HTTP/1.1" 200 0
"OPTIONS /api/messages/users/online HTTP/1.1" 200 0
"GET /api/notifications HTTP/1.1" 200 2
"GET /api/messages HTTP/1.1" 200 2
"GET /api/notifications HTTP/1.1" 200 2
"GET /api/notifications HTTP/1.1" 200 2
"GET /api/notifications HTTP/1.1" 200 2
"GET /api/messages HTTP/1.1" 200 2
"GET /api/messages/users/online HTTP/1.1" 200 13246
"GET /api/messages HTTP/1.1" 200 2
"GET /api/recommendations/trending/startups?limit=10&sort_by=trending_score HTTP/1.1" 200 6483
"GET /api/messages HTTP/1.1" 200 2
"GET /api/messages HTTP/1.1" 200 2
"GET /api/messages/users/online HTTP/1.1" 200 13246
"GET /api/messages HTTP/1.1" 200 2
"GET /api/users/applications HTTP/1.1" 200 52
"GET /api/notifications HTTP/1.1" 200 2
"GET /api/notifications HTTP/1.1" 200 2
"GET /api/users/applications HTTP/1.1" 200 52
"GET /api/messages HTTP/1.1" 200 2
"GET /api/notifications HTTP/1.1" 200 2
"GET /api/notifications HTTP/1.1" 200 2
"GET /api/messages HTTP/1.1" 200 2
"GET /api/messages HTTP/1.1" 200 2
"GET /api/messages HTTP/1.1" 200 2
"GET /api/recommendations/personalized/startups?limit=20&offset=0&require_open_positions=true&type=collaboration HTTP/1.1" 200 34160
"GET /api/notifications HTTP/1.1" 200 2
"GET /api/messages HTTP/1.1" 200 2
"GET /api/recommendations/personalized/startups?limit=20&offset=0&require_open_positions=true&type=collaboration HTTP/1.1" 200 34160
"GET /api/notifications HTTP/1.1" 200 2
"GET /api/messages HTTP/1.1" 200 2
"OPTIONS /api/users/startups HTTP/1.1" 200 0
"OPTIONS /api/users/startups HTTP/1.1" 200 0
"GET /api/notifications HTTP/1.1" 200 2
"GET /api/users/startups HTTP/1.1" 200 52
"GET /api/messages HTTP/1.1" 200 2
"GET /api/users/startups HTTP/1.1" 200 52
"GET /api/notifications HTTP/1.1" 200 2
"GET /api/messages HTTP/1.1" 200 2
"GET /api/notifications HTTP/1.1" 200 2
"GET /api/notifications HTTP/1.1" 200 2
"GET /api/messages HTTP/1.1" 200 2
"GET /api/messages HTTP/1.1" 200 2
"GET /api/notifications HTTP/1.1" 200 2
"GET /api/users/startups HTTP/1.1" 200 52
"GET /api/messages HTTP/1.1" 200 2
"GET /api/users/startups HTTP/1.1" 200 52
"GET /api/notifications HTTP/1.1" 200 2
"GET /api/notifications HTTP/1.1" 200 2
"GET /api/messages HTTP/1.1" 200 2
"GET /api/notifications HTTP/1.1" 200 2
"GET /api/messages HTTP/1.1" 200 2
"GET /api/messages HTTP/1.1" 200 2
"GET /api/notifications HTTP/1.1" 200 2
"GET /api/messages HTTP/1.1" 200 2
"GET /api/notifications HTTP/1.1" 200 2
"GET /api/messages HTTP/1.1" 200 2
"GET /api/notifications HTTP/1.1" 200 2
"GET /api/messages HTTP/1.1" 200 2
"GET /api/notifications HTTP/1.1" 200 2
"GET /api/messages HTTP/1.1" 200 2
"GET /api/notifications HTTP/1.1" 200 2
"GET /api/messages HTTP/1.1" 200 2
"GET /api/notifications HTTP/1.1" 200 2
"GET /api/messages HTTP/1.1" 200 2
"GET /api/notifications HTTP/1.1" 200 2
"GET /api/messages HTTP/1.1" 200 2
"GET /api/notifications HTTP/1.1" 200 2
"GET /api/messages HTTP/1.1" 200 2
Starting APScheduler...
APScheduler started successfully
Starting APScheduler...
APScheduler started successfully
Watching for file changes with StatReloader
"GET /api/notifications HTTP/1.1" 200 2
"GET /api/messages HTTP/1.1" 200 2
"GET /api/notifications HTTP/1.1" 200 2
"GET /api/messages HTTP/1.1" 200 2
"GET /api/notifications HTTP/1.1" 200 2
"GET /api/messages HTTP/1.1" 200 2
"GET /api/notifications HTTP/1.1" 200 2
"GET /api/messages HTTP/1.1" 200 2
